E, [2014-02-04T17:46:41.590822 #34426] ERROR -- Kitchen: ------Exception-------
E, [2014-02-04T17:46:41.591347 #34426] ERROR -- Kitchen: Class: Kitchen::UserError
E, [2014-02-04T17:46:41.591606 #34426] ERROR -- Kitchen: Message: Error parsing /Users/fish/tmp/chef/chef-repo-yu/cookbooks/cfengine/.kitchen.yml
E, [2014-02-04T17:46:41.591698 #34426] ERROR -- Kitchen: ---Nested Exception---
E, [2014-02-04T17:46:41.591781 #34426] ERROR -- Kitchen: Class: Psych::SyntaxError
E, [2014-02-04T17:46:41.591843 #34426] ERROR -- Kitchen: Message: (<unknown>): found character that cannot start any token while scanning for the next token at line 14 column 5
E, [2014-02-04T17:46:41.591890 #34426] ERROR -- Kitchen: ------Backtrace-------
E, [2014-02-04T17:46:41.591936 #34426] ERROR -- Kitchen: /Volumes/mfp/Users/fish/.rvm/gems/ruby-1.9.3-p194@chef/gems/test-kitchen-1.1.0/lib/kitchen/loader/yaml.rb:136:in `rescue in parse_yaml_string'
E, [2014-02-04T17:46:41.591983 #34426] ERROR -- Kitchen: /Volumes/mfp/Users/fish/.rvm/gems/ruby-1.9.3-p194@chef/gems/test-kitchen-1.1.0/lib/kitchen/loader/yaml.rb:132:in `parse_yaml_string'
E, [2014-02-04T17:46:41.592031 #34426] ERROR -- Kitchen: /Volumes/mfp/Users/fish/.rvm/gems/ruby-1.9.3-p194@chef/gems/test-kitchen-1.1.0/lib/kitchen/loader/yaml.rb:102:in `yaml'
E, [2014-02-04T17:46:41.592078 #34426] ERROR -- Kitchen: /Volumes/mfp/Users/fish/.rvm/gems/ruby-1.9.3-p194@chef/gems/test-kitchen-1.1.0/lib/kitchen/loader/yaml.rb:94:in `combined_hash'
E, [2014-02-04T17:46:41.592125 #34426] ERROR -- Kitchen: /Volumes/mfp/Users/fish/.rvm/gems/ruby-1.9.3-p194@chef/gems/test-kitchen-1.1.0/lib/kitchen/loader/yaml.rb:62:in `read'
E, [2014-02-04T17:46:41.592172 #34426] ERROR -- Kitchen: /Volumes/mfp/Users/fish/.rvm/gems/ruby-1.9.3-p194@chef/gems/test-kitchen-1.1.0/lib/kitchen/config.rb:78:in `data'
E, [2014-02-04T17:46:41.592219 #34426] ERROR -- Kitchen: /Volumes/mfp/Users/fish/.rvm/gems/ruby-1.9.3-p194@chef/gems/test-kitchen-1.1.0/lib/kitchen/config.rb:66:in `suites'
E, [2014-02-04T17:46:41.592266 #34426] ERROR -- Kitchen: /Volumes/mfp/Users/fish/.rvm/gems/ruby-1.9.3-p194@chef/gems/test-kitchen-1.1.0/lib/kitchen/config.rb:90:in `filter_instances'
E, [2014-02-04T17:46:41.592313 #34426] ERROR -- Kitchen: /Volumes/mfp/Users/fish/.rvm/gems/ruby-1.9.3-p194@chef/gems/test-kitchen-1.1.0/lib/kitchen/config.rb:72:in `build_instances'
E, [2014-02-04T17:46:41.592360 #34426] ERROR -- Kitchen: /Volumes/mfp/Users/fish/.rvm/gems/ruby-1.9.3-p194@chef/gems/test-kitchen-1.1.0/lib/kitchen/config.rb:52:in `instances'
E, [2014-02-04T17:46:41.592407 #34426] ERROR -- Kitchen: /Volumes/mfp/Users/fish/.rvm/gems/ruby-1.9.3-p194@chef/gems/test-kitchen-1.1.0/lib/kitchen/cli.rb:342:in `get_filtered_instances'
E, [2014-02-04T17:46:41.592462 #34426] ERROR -- Kitchen: /Volumes/mfp/Users/fish/.rvm/gems/ruby-1.9.3-p194@chef/gems/test-kitchen-1.1.0/lib/kitchen/cli.rb:327:in `parse_subcommand'
E, [2014-02-04T17:46:41.592512 #34426] ERROR -- Kitchen: /Volumes/mfp/Users/fish/.rvm/gems/ruby-1.9.3-p194@chef/gems/test-kitchen-1.1.0/lib/kitchen/cli.rb:60:in `list'
E, [2014-02-04T17:46:41.592571 #34426] ERROR -- Kitchen: /Volumes/mfp/Users/fish/.rvm/gems/ruby-1.9.3-p194@chef/gems/thor-0.18.1/lib/thor/command.rb:27:in `run'
E, [2014-02-04T17:46:41.592620 #34426] ERROR -- Kitchen: /Volumes/mfp/Users/fish/.rvm/gems/ruby-1.9.3-p194@chef/gems/thor-0.18.1/lib/thor/invocation.rb:120:in `invoke_command'
E, [2014-02-04T17:46:41.592668 #34426] ERROR -- Kitchen: /Volumes/mfp/Users/fish/.rvm/gems/ruby-1.9.3-p194@chef/gems/test-kitchen-1.1.0/lib/kitchen/cli.rb:288:in `invoke_task'
E, [2014-02-04T17:46:41.592721 #34426] ERROR -- Kitchen: /Volumes/mfp/Users/fish/.rvm/gems/ruby-1.9.3-p194@chef/gems/thor-0.18.1/lib/thor.rb:363:in `dispatch'
E, [2014-02-04T17:46:41.592771 #34426] ERROR -- Kitchen: /Volumes/mfp/Users/fish/.rvm/gems/ruby-1.9.3-p194@chef/gems/thor-0.18.1/lib/thor/base.rb:439:in `start'
E, [2014-02-04T17:46:41.592819 #34426] ERROR -- Kitchen: /Volumes/mfp/Users/fish/.rvm/gems/ruby-1.9.3-p194@chef/gems/test-kitchen-1.1.0/bin/kitchen:13:in `block in <top (required)>'
E, [2014-02-04T17:46:41.592867 #34426] ERROR -- Kitchen: /Volumes/mfp/Users/fish/.rvm/gems/ruby-1.9.3-p194@chef/gems/test-kitchen-1.1.0/lib/kitchen/errors.rb:81:in `with_friendly_errors'
E, [2014-02-04T17:46:41.592927 #34426] ERROR -- Kitchen: /Volumes/mfp/Users/fish/.rvm/gems/ruby-1.9.3-p194@chef/gems/test-kitchen-1.1.0/bin/kitchen:13:in `<top (required)>'
E, [2014-02-04T17:46:41.592977 #34426] ERROR -- Kitchen: /Volumes/mfp/Users/fish/.rvm/gems/ruby-1.9.3-p194@chef/bin/kitchen:19:in `load'
E, [2014-02-04T17:46:41.593026 #34426] ERROR -- Kitchen: /Volumes/mfp/Users/fish/.rvm/gems/ruby-1.9.3-p194@chef/bin/kitchen:19:in `<main>'
E, [2014-02-04T17:46:41.593073 #34426] ERROR -- Kitchen: /Volumes/mfp/Users/fish/.rvm/gems/ruby-1.9.3-p194@chef/bin/ruby_executable_hooks:15:in `eval'
E, [2014-02-04T17:46:41.593121 #34426] ERROR -- Kitchen: /Volumes/mfp/Users/fish/.rvm/gems/ruby-1.9.3-p194@chef/bin/ruby_executable_hooks:15:in `<main>'
E, [2014-02-04T17:46:41.593172 #34426] ERROR -- Kitchen: ----------------------
E, [2014-02-04T17:51:58.246183 #34647] ERROR -- Kitchen: ------Exception-------
E, [2014-02-04T17:51:58.246318 #34647] ERROR -- Kitchen: Class: Kitchen::UserError
E, [2014-02-04T17:51:58.246368 #34647] ERROR -- Kitchen: Message: Error parsing /Users/fish/tmp/chef/chef-repo-yu/cookbooks/cfengine/.kitchen.yml
E, [2014-02-04T17:51:58.246417 #34647] ERROR -- Kitchen: ---Nested Exception---
E, [2014-02-04T17:51:58.246464 #34647] ERROR -- Kitchen: Class: Psych::SyntaxError
E, [2014-02-04T17:51:58.246510 #34647] ERROR -- Kitchen: Message: (<unknown>): did not find expected node content while parsing a flow node at line 17 column 10
E, [2014-02-04T17:51:58.246557 #34647] ERROR -- Kitchen: ------Backtrace-------
E, [2014-02-04T17:51:58.246604 #34647] ERROR -- Kitchen: /Volumes/mfp/Users/fish/.rvm/gems/ruby-1.9.3-p194@chef/gems/test-kitchen-1.1.0/lib/kitchen/loader/yaml.rb:136:in `rescue in parse_yaml_string'
E, [2014-02-04T17:51:58.246657 #34647] ERROR -- Kitchen: /Volumes/mfp/Users/fish/.rvm/gems/ruby-1.9.3-p194@chef/gems/test-kitchen-1.1.0/lib/kitchen/loader/yaml.rb:132:in `parse_yaml_string'
E, [2014-02-04T17:51:58.246705 #34647] ERROR -- Kitchen: /Volumes/mfp/Users/fish/.rvm/gems/ruby-1.9.3-p194@chef/gems/test-kitchen-1.1.0/lib/kitchen/loader/yaml.rb:102:in `yaml'
E, [2014-02-04T17:51:58.246752 #34647] ERROR -- Kitchen: /Volumes/mfp/Users/fish/.rvm/gems/ruby-1.9.3-p194@chef/gems/test-kitchen-1.1.0/lib/kitchen/loader/yaml.rb:94:in `combined_hash'
E, [2014-02-04T17:51:58.246799 #34647] ERROR -- Kitchen: /Volumes/mfp/Users/fish/.rvm/gems/ruby-1.9.3-p194@chef/gems/test-kitchen-1.1.0/lib/kitchen/loader/yaml.rb:62:in `read'
E, [2014-02-04T17:51:58.246846 #34647] ERROR -- Kitchen: /Volumes/mfp/Users/fish/.rvm/gems/ruby-1.9.3-p194@chef/gems/test-kitchen-1.1.0/lib/kitchen/config.rb:78:in `data'
E, [2014-02-04T17:51:58.246893 #34647] ERROR -- Kitchen: /Volumes/mfp/Users/fish/.rvm/gems/ruby-1.9.3-p194@chef/gems/test-kitchen-1.1.0/lib/kitchen/config.rb:66:in `suites'
E, [2014-02-04T17:51:58.246939 #34647] ERROR -- Kitchen: /Volumes/mfp/Users/fish/.rvm/gems/ruby-1.9.3-p194@chef/gems/test-kitchen-1.1.0/lib/kitchen/config.rb:90:in `filter_instances'
E, [2014-02-04T17:51:58.246986 #34647] ERROR -- Kitchen: /Volumes/mfp/Users/fish/.rvm/gems/ruby-1.9.3-p194@chef/gems/test-kitchen-1.1.0/lib/kitchen/config.rb:72:in `build_instances'
E, [2014-02-04T17:51:58.247033 #34647] ERROR -- Kitchen: /Volumes/mfp/Users/fish/.rvm/gems/ruby-1.9.3-p194@chef/gems/test-kitchen-1.1.0/lib/kitchen/config.rb:52:in `instances'
E, [2014-02-04T17:51:58.247086 #34647] ERROR -- Kitchen: /Volumes/mfp/Users/fish/.rvm/gems/ruby-1.9.3-p194@chef/gems/test-kitchen-1.1.0/lib/kitchen/cli.rb:342:in `get_filtered_instances'
E, [2014-02-04T17:51:58.247133 #34647] ERROR -- Kitchen: /Volumes/mfp/Users/fish/.rvm/gems/ruby-1.9.3-p194@chef/gems/test-kitchen-1.1.0/lib/kitchen/cli.rb:327:in `parse_subcommand'
E, [2014-02-04T17:51:58.247180 #34647] ERROR -- Kitchen: /Volumes/mfp/Users/fish/.rvm/gems/ruby-1.9.3-p194@chef/gems/test-kitchen-1.1.0/lib/kitchen/cli.rb:60:in `list'
E, [2014-02-04T17:51:58.247228 #34647] ERROR -- Kitchen: /Volumes/mfp/Users/fish/.rvm/gems/ruby-1.9.3-p194@chef/gems/thor-0.18.1/lib/thor/command.rb:27:in `run'
E, [2014-02-04T17:51:58.247292 #34647] ERROR -- Kitchen: /Volumes/mfp/Users/fish/.rvm/gems/ruby-1.9.3-p194@chef/gems/thor-0.18.1/lib/thor/invocation.rb:120:in `invoke_command'
E, [2014-02-04T17:51:58.247341 #34647] ERROR -- Kitchen: /Volumes/mfp/Users/fish/.rvm/gems/ruby-1.9.3-p194@chef/gems/test-kitchen-1.1.0/lib/kitchen/cli.rb:288:in `invoke_task'
E, [2014-02-04T17:51:58.247388 #34647] ERROR -- Kitchen: /Volumes/mfp/Users/fish/.rvm/gems/ruby-1.9.3-p194@chef/gems/thor-0.18.1/lib/thor.rb:363:in `dispatch'
E, [2014-02-04T17:51:58.247435 #34647] ERROR -- Kitchen: /Volumes/mfp/Users/fish/.rvm/gems/ruby-1.9.3-p194@chef/gems/thor-0.18.1/lib/thor/base.rb:439:in `start'
E, [2014-02-04T17:51:58.247481 #34647] ERROR -- Kitchen: /Volumes/mfp/Users/fish/.rvm/gems/ruby-1.9.3-p194@chef/gems/test-kitchen-1.1.0/bin/kitchen:13:in `block in <top (required)>'
E, [2014-02-04T17:51:58.247534 #34647] ERROR -- Kitchen: /Volumes/mfp/Users/fish/.rvm/gems/ruby-1.9.3-p194@chef/gems/test-kitchen-1.1.0/lib/kitchen/errors.rb:81:in `with_friendly_errors'
E, [2014-02-04T17:51:58.247580 #34647] ERROR -- Kitchen: /Volumes/mfp/Users/fish/.rvm/gems/ruby-1.9.3-p194@chef/gems/test-kitchen-1.1.0/bin/kitchen:13:in `<top (required)>'
E, [2014-02-04T17:51:58.247627 #34647] ERROR -- Kitchen: /Volumes/mfp/Users/fish/.rvm/gems/ruby-1.9.3-p194@chef/bin/kitchen:19:in `load'
E, [2014-02-04T17:51:58.247673 #34647] ERROR -- Kitchen: /Volumes/mfp/Users/fish/.rvm/gems/ruby-1.9.3-p194@chef/bin/kitchen:19:in `<main>'
E, [2014-02-04T17:51:58.247720 #34647] ERROR -- Kitchen: /Volumes/mfp/Users/fish/.rvm/gems/ruby-1.9.3-p194@chef/bin/ruby_executable_hooks:15:in `eval'
E, [2014-02-04T17:51:58.247767 #34647] ERROR -- Kitchen: /Volumes/mfp/Users/fish/.rvm/gems/ruby-1.9.3-p194@chef/bin/ruby_executable_hooks:15:in `<main>'
E, [2014-02-04T17:51:58.247813 #34647] ERROR -- Kitchen: ----------------------
I, [2014-02-04T17:55:33.275853 #34691]  INFO -- Kitchen: -----> Starting Kitchen (v1.1.0)
I, [2014-02-04T17:55:33.771463 #34691]  INFO -- Kitchen: -----> Creating <default-centos-64>...
I, [2014-02-04T18:16:59.660130 #34691]  INFO -- Kitchen: -----> Kitchen is finished. (21m26.38s)
I, [2014-02-04T18:17:37.888001 #34968]  INFO -- Kitchen: -----> Starting Kitchen (v1.1.0)
I, [2014-02-04T18:17:38.407516 #34968]  INFO -- Kitchen: -----> Converging <default-centos-64>...
E, [2014-02-04T18:17:38.422862 #34968] ERROR -- Kitchen: ------Exception-------
E, [2014-02-04T18:17:38.422966 #34968] ERROR -- Kitchen: Class: Kitchen::ActionFailed
E, [2014-02-04T18:17:38.423015 #34968] ERROR -- Kitchen: Message: Failed to complete #converge action: [The metadata.rb does not define the 'name' key. Please add: `name '<cookbook_name>'` to metadata.rb and retry]
E, [2014-02-04T18:17:38.423067 #34968] ERROR -- Kitchen: ---Nested Exception---
E, [2014-02-04T18:17:38.423118 #34968] ERROR -- Kitchen: Class: Kitchen::UserError
E, [2014-02-04T18:17:38.423164 #34968] ERROR -- Kitchen: Message: The metadata.rb does not define the 'name' key. Please add: `name '<cookbook_name>'` to metadata.rb and retry
E, [2014-02-04T18:17:38.423214 #34968] ERROR -- Kitchen: ------Backtrace-------
E, [2014-02-04T18:17:38.423261 #34968] ERROR -- Kitchen: /Volumes/mfp/Users/fish/.rvm/gems/ruby-1.9.3-p194@chef/gems/test-kitchen-1.1.0/lib/kitchen/provisioner/chef_base.rb:371:in `cp_this_cookbook'
E, [2014-02-04T18:17:38.423308 #34968] ERROR -- Kitchen: /Volumes/mfp/Users/fish/.rvm/gems/ruby-1.9.3-p194@chef/gems/test-kitchen-1.1.0/lib/kitchen/provisioner/chef_base.rb:274:in `prepare_cookbooks'
E, [2014-02-04T18:17:38.423358 #34968] ERROR -- Kitchen: /Volumes/mfp/Users/fish/.rvm/gems/ruby-1.9.3-p194@chef/gems/test-kitchen-1.1.0/lib/kitchen/provisioner/chef_base.rb:180:in `create_chef_sandbox'
E, [2014-02-04T18:17:38.423405 #34968] ERROR -- Kitchen: /Volumes/mfp/Users/fish/.rvm/gems/ruby-1.9.3-p194@chef/gems/test-kitchen-1.1.0/lib/kitchen/provisioner/chef_solo.rb:33:in `create_sandbox'
E, [2014-02-04T18:17:38.423458 #34968] ERROR -- Kitchen: /Volumes/mfp/Users/fish/.rvm/gems/ruby-1.9.3-p194@chef/gems/test-kitchen-1.1.0/lib/kitchen/driver/ssh_base.rb:40:in `converge'
E, [2014-02-04T18:17:38.423515 #34968] ERROR -- Kitchen: /Volumes/mfp/Users/fish/.rvm/gems/ruby-1.9.3-p194@chef/gems/kitchen-vagrant-0.14.0/lib/kitchen/driver/vagrant.rb:75:in `converge'
E, [2014-02-04T18:17:38.423563 #34968] ERROR -- Kitchen: /Volumes/mfp/Users/fish/.rvm/gems/ruby-1.9.3-p194@chef/gems/test-kitchen-1.1.0/lib/kitchen/instance.rb:273:in `public_send'
E, [2014-02-04T18:17:38.423612 #34968] ERROR -- Kitchen: /Volumes/mfp/Users/fish/.rvm/gems/ruby-1.9.3-p194@chef/gems/test-kitchen-1.1.0/lib/kitchen/instance.rb:273:in `block in perform_action'
E, [2014-02-04T18:17:38.423663 #34968] ERROR -- Kitchen: /Volumes/mfp/Users/fish/.rvm/gems/ruby-1.9.3-p194@chef/gems/test-kitchen-1.1.0/lib/kitchen/instance.rb:308:in `call'
E, [2014-02-04T18:17:38.423710 #34968] ERROR -- Kitchen: /Volumes/mfp/Users/fish/.rvm/gems/ruby-1.9.3-p194@chef/gems/test-kitchen-1.1.0/lib/kitchen/instance.rb:308:in `synchronize_or_call'
E, [2014-02-04T18:17:38.423759 #34968] ERROR -- Kitchen: /Volumes/mfp/Users/fish/.rvm/gems/ruby-1.9.3-p194@chef/gems/test-kitchen-1.1.0/lib/kitchen/instance.rb:283:in `block in action'
E, [2014-02-04T18:17:38.423806 #34968] ERROR -- Kitchen: /Users/fish/.rvm/rubies/ruby-1.9.3-p194/lib/ruby/1.9.1/benchmark.rb:280:in `measure'
E, [2014-02-04T18:17:38.423853 #34968] ERROR -- Kitchen: /Volumes/mfp/Users/fish/.rvm/gems/ruby-1.9.3-p194@chef/gems/test-kitchen-1.1.0/lib/kitchen/instance.rb:282:in `action'
E, [2014-02-04T18:17:38.423908 #34968] ERROR -- Kitchen: /Volumes/mfp/Users/fish/.rvm/gems/ruby-1.9.3-p194@chef/gems/test-kitchen-1.1.0/lib/kitchen/instance.rb:273:in `perform_action'
E, [2014-02-04T18:17:38.423954 #34968] ERROR -- Kitchen: /Volumes/mfp/Users/fish/.rvm/gems/ruby-1.9.3-p194@chef/gems/test-kitchen-1.1.0/lib/kitchen/instance.rb:256:in `converge_action'
E, [2014-02-04T18:17:38.424001 #34968] ERROR -- Kitchen: /Volumes/mfp/Users/fish/.rvm/gems/ruby-1.9.3-p194@chef/gems/test-kitchen-1.1.0/lib/kitchen/instance.rb:246:in `block in transition_to'
E, [2014-02-04T18:17:38.424048 #34968] ERROR -- Kitchen: /Volumes/mfp/Users/fish/.rvm/gems/ruby-1.9.3-p194@chef/gems/test-kitchen-1.1.0/lib/kitchen/instance.rb:245:in `each'
E, [2014-02-04T18:17:38.424095 #34968] ERROR -- Kitchen: /Volumes/mfp/Users/fish/.rvm/gems/ruby-1.9.3-p194@chef/gems/test-kitchen-1.1.0/lib/kitchen/instance.rb:245:in `transition_to'
E, [2014-02-04T18:17:38.424147 #34968] ERROR -- Kitchen: /Volumes/mfp/Users/fish/.rvm/gems/ruby-1.9.3-p194@chef/gems/test-kitchen-1.1.0/lib/kitchen/instance.rb:119:in `converge'
E, [2014-02-04T18:17:38.424194 #34968] ERROR -- Kitchen: /Volumes/mfp/Users/fish/.rvm/gems/ruby-1.9.3-p194@chef/gems/test-kitchen-1.1.0/lib/kitchen/cli.rb:314:in `public_send'
E, [2014-02-04T18:17:38.424243 #34968] ERROR -- Kitchen: /Volumes/mfp/Users/fish/.rvm/gems/ruby-1.9.3-p194@chef/gems/test-kitchen-1.1.0/lib/kitchen/cli.rb:314:in `block in run_serial'
E, [2014-02-04T18:17:38.424294 #34968] ERROR -- Kitchen: /Volumes/mfp/Users/fish/.rvm/gems/ruby-1.9.3-p194@chef/gems/test-kitchen-1.1.0/lib/kitchen/cli.rb:314:in `map'
E, [2014-02-04T18:17:38.424341 #34968] ERROR -- Kitchen: /Volumes/mfp/Users/fish/.rvm/gems/ruby-1.9.3-p194@chef/gems/test-kitchen-1.1.0/lib/kitchen/cli.rb:314:in `run_serial'
E, [2014-02-04T18:17:38.424391 #34968] ERROR -- Kitchen: /Volumes/mfp/Users/fish/.rvm/gems/ruby-1.9.3-p194@chef/gems/test-kitchen-1.1.0/lib/kitchen/cli.rb:308:in `block in exec_action'
E, [2014-02-04T18:17:38.424438 #34968] ERROR -- Kitchen: /Users/fish/.rvm/rubies/ruby-1.9.3-p194/lib/ruby/1.9.1/benchmark.rb:280:in `measure'
E, [2014-02-04T18:17:38.424484 #34968] ERROR -- Kitchen: /Volumes/mfp/Users/fish/.rvm/gems/ruby-1.9.3-p194@chef/gems/test-kitchen-1.1.0/lib/kitchen/cli.rb:305:in `exec_action'
E, [2014-02-04T18:17:38.424531 #34968] ERROR -- Kitchen: /Volumes/mfp/Users/fish/.rvm/gems/ruby-1.9.3-p194@chef/gems/test-kitchen-1.1.0/lib/kitchen/cli.rb:108:in `block (2 levels) in <class:CLI>'
E, [2014-02-04T18:17:38.424586 #34968] ERROR -- Kitchen: /Volumes/mfp/Users/fish/.rvm/gems/ruby-1.9.3-p194@chef/gems/thor-0.18.1/lib/thor/command.rb:27:in `run'
E, [2014-02-04T18:17:38.424640 #34968] ERROR -- Kitchen: /Volumes/mfp/Users/fish/.rvm/gems/ruby-1.9.3-p194@chef/gems/thor-0.18.1/lib/thor/invocation.rb:120:in `invoke_command'
E, [2014-02-04T18:17:38.424687 #34968] ERROR -- Kitchen: /Volumes/mfp/Users/fish/.rvm/gems/ruby-1.9.3-p194@chef/gems/test-kitchen-1.1.0/lib/kitchen/cli.rb:288:in `invoke_task'
E, [2014-02-04T18:17:38.424738 #34968] ERROR -- Kitchen: /Volumes/mfp/Users/fish/.rvm/gems/ruby-1.9.3-p194@chef/gems/thor-0.18.1/lib/thor.rb:363:in `dispatch'
E, [2014-02-04T18:17:38.424788 #34968] ERROR -- Kitchen: /Volumes/mfp/Users/fish/.rvm/gems/ruby-1.9.3-p194@chef/gems/thor-0.18.1/lib/thor/base.rb:439:in `start'
E, [2014-02-04T18:17:38.424834 #34968] ERROR -- Kitchen: /Volumes/mfp/Users/fish/.rvm/gems/ruby-1.9.3-p194@chef/gems/test-kitchen-1.1.0/bin/kitchen:13:in `block in <top (required)>'
E, [2014-02-04T18:17:38.424881 #34968] ERROR -- Kitchen: /Volumes/mfp/Users/fish/.rvm/gems/ruby-1.9.3-p194@chef/gems/test-kitchen-1.1.0/lib/kitchen/errors.rb:81:in `with_friendly_errors'
E, [2014-02-04T18:17:38.424931 #34968] ERROR -- Kitchen: /Volumes/mfp/Users/fish/.rvm/gems/ruby-1.9.3-p194@chef/gems/test-kitchen-1.1.0/bin/kitchen:13:in `<top (required)>'
E, [2014-02-04T18:17:38.424977 #34968] ERROR -- Kitchen: /Volumes/mfp/Users/fish/.rvm/gems/ruby-1.9.3-p194@chef/bin/kitchen:19:in `load'
E, [2014-02-04T18:17:38.425024 #34968] ERROR -- Kitchen: /Volumes/mfp/Users/fish/.rvm/gems/ruby-1.9.3-p194@chef/bin/kitchen:19:in `<main>'
E, [2014-02-04T18:17:38.425070 #34968] ERROR -- Kitchen: /Volumes/mfp/Users/fish/.rvm/gems/ruby-1.9.3-p194@chef/bin/ruby_executable_hooks:15:in `eval'
E, [2014-02-04T18:17:38.425117 #34968] ERROR -- Kitchen: /Volumes/mfp/Users/fish/.rvm/gems/ruby-1.9.3-p194@chef/bin/ruby_executable_hooks:15:in `<main>'
E, [2014-02-04T18:17:38.425174 #34968] ERROR -- Kitchen: ----------------------
I, [2014-02-04T18:18:21.503628 #34983]  INFO -- Kitchen: -----> Starting Kitchen (v1.1.0)
I, [2014-02-04T18:18:22.000858 #34983]  INFO -- Kitchen: -----> Converging <default-centos-64>...
E, [2014-02-04T18:19:42.672756 #34983] ERROR -- Kitchen: Converge failed on instance <default-centos-64>.
I, [2014-02-04T18:20:53.446514 #35004]  INFO -- Kitchen: -----> Starting Kitchen (v1.1.0)
I, [2014-02-04T18:20:53.976196 #35004]  INFO -- Kitchen: -----> Converging <default-centos-64>...
E, [2014-02-04T18:20:58.535658 #35004] ERROR -- Kitchen: Converge failed on instance <default-centos-64>.
I, [2014-02-04T18:25:28.702548 #35093]  INFO -- Kitchen: -----> Starting Kitchen (v1.1.0)
I, [2014-02-04T18:25:29.250711 #35093]  INFO -- Kitchen: -----> Destroying <default-centos-64>...
I, [2014-02-04T18:25:32.759818 #35093]  INFO -- Kitchen: -----> Kitchen is finished. (0m4.06s)
